The system is: Windows - 10.0.10586 - AMD64
Compiling the C compiler identification source file "CMakeCCompilerId.c" succeeded.
Compiler: C:/Program Files/LLVM/bin/clang-cl.exe 
Build flags: 
Id flags: -c 

The output was:
0


Compilation of the C compiler identification source "CMakeCCompilerId.c" produced "CMakeCCompilerId.obj"

The C compiler identification is Clang, found in "C:/Projects/Compiler8080/CMakeFiles/3.11.3/CompilerIdC/CMakeCCompilerId.obj"

Compiling the CXX compiler identification source file "CMakeCXXCompilerId.cpp" succeeded.
Compiler: C:/Program Files/LLVM/bin/clang-cl.exe 
Build flags: 
Id flags: -c 

The output was:
0


Compilation of the CXX compiler identification source "CMakeCXXCompilerId.cpp" produced "CMakeCXXCompilerId.obj"

The CXX compiler identification is Clang, found in "C:/Projects/Compiler8080/CMakeFiles/3.11.3/CompilerIdCXX/CMakeCXXCompilerId.obj"

The system is: Windows - 10.0.10586 - AMD64
The system is: Windows - 10.0.10586 - AMD64
Compiling the C compiler identification source file "CMakeCCompilerId.c" succeeded.
Compiler: C:/Program Files (x86)/LLVM/bin/clang-cl.exe 
Build flags: 
Id flags: -c 

The output was:
0


Compilation of the C compiler identification source "CMakeCCompilerId.c" produced "CMakeCCompilerId.obj"

The C compiler identification is Clang, found in "C:/Projects/Compiler8080/CMakeFiles/3.11.3/CompilerIdC/CMakeCCompilerId.obj"

Compiling the CXX compiler identification source file "CMakeCXXCompilerId.cpp" succeeded.
Compiler: C:/Program Files (x86)/LLVM/bin/clang++.exe 
Build flags: 
Id flags: -c 

The output was:
0


Compilation of the CXX compiler identification source "CMakeCXXCompilerId.cpp" produced "CMakeCXXCompilerId.o"

The CXX compiler identification is Clang, found in "C:/Projects/Compiler8080/CMakeFiles/3.11.3/CompilerIdCXX/CMakeCXXCompilerId.o"

The system is: Windows - 10.0.10586 - AMD64
Compiling the C compiler identification source file "CMakeCCompilerId.c" succeeded.
Compiler: C:/Program Files (x86)/LLVM/bin/clang-cl.exe 
Build flags: 
Id flags: -c 

The output was:
0


Compilation of the C compiler identification source "CMakeCCompilerId.c" produced "CMakeCCompilerId.obj"

The C compiler identification is Clang, found in "C:/Projects/Compiler8080/CMakeFiles/3.11.3/CompilerIdC/CMakeCCompilerId.obj"

Compiling the CXX compiler identification source file "CMakeCXXCompilerId.cpp" succeeded.
Compiler: C:/Program Files (x86)/LLVM/bin/clang++.exe 
Build flags: 
Id flags: -c 

The output was:
0


Compilation of the CXX compiler identification source "CMakeCXXCompilerId.cpp" produced "CMakeCXXCompilerId.o"

The CXX compiler identification is Clang, found in "C:/Projects/Compiler8080/CMakeFiles/3.11.3/CompilerIdCXX/CMakeCXXCompilerId.o"

The system is: Windows - 10.0.10586 - AMD64
Compiling the C compiler identification source file "CMakeCCompilerId.c" succeeded.
Compiler: C:/Program Files (x86)/LLVM/bin/clang-cl.exe 
Build flags: 
Id flags: -c 

The output was:
0


Compilation of the C compiler identification source "CMakeCCompilerId.c" produced "CMakeCCompilerId.obj"

The C compiler identification is Clang, found in "C:/Projects/Compiler8080/CMakeFiles/3.11.3/CompilerIdC/CMakeCCompilerId.obj"

Compiling the CXX compiler identification source file "CMakeCXXCompilerId.cpp" succeeded.
Compiler: C:/Program Files (x86)/LLVM/bin/clang-cl.exe 
Build flags: 
Id flags: -c 

The output was:
0


Compilation of the CXX compiler identification source "CMakeCXXCompilerId.cpp" produced "CMakeCXXCompilerId.obj"

The CXX compiler identification is Clang, found in "C:/Projects/Compiler8080/CMakeFiles/3.11.3/CompilerIdCXX/CMakeCXXCompilerId.obj"

The system is: Windows - 10.0.10586 - AMD64
The system is: Windows - 10.0.10586 - AMD64
The system is: Windows - 10.0.10586 - AMD64
